#
# There is insufficient memory for the Java Runtime Environment to continue.
# Native memory allocation (malloc) failed to allocate 531776 bytes for Chunk::new
# Possible reasons:
#   The system is out of physical RAM or swap space
#   The process is running with CompressedOops enabled, and the Java Heap may be blocking the growth of the native heap
# Possible solutions:
#   Reduce memory load on the system
#   Increase physical memory or swap space
#   Check if swap backing store is full
#   Decrease Java heap size (-Xmx/-Xms)
#   Decrease number of Java threads
#   Decrease Java thread stack sizes (-Xss)
#   Set larger code cache with -XX:ReservedCodeCacheSize=
#   JVM is running with Unscaled Compressed Oops mode in which the Java heap is
#     placed in the first 4GB address space. The Java Heap base address is the
#     maximum limit for the native heap growth. Please use -XX:HeapBaseMinAddress
#     to set the Java Heap base and to place the Java Heap above 4GB virtual address.
# This output file may be truncated or incomplete.
#
#  Out of Memory Error (arena.cpp:189), pid=15796, tid=8756
#
# JRE version: Java(TM) SE Runtime Environment (17.0.1+12) (build 17.0.1+12-LTS-39)
# Java VM: Java HotSpot(TM) 64-Bit Server VM (17.0.1+12-LTS-39, mixed mode, sharing, tiered, compressed oops, compressed class ptrs, g1 gc, windows-amd64)
# No core dump will be written. Minidumps are not enabled by default on client versions of Windows
#

---------------  S U M M A R Y ------------

Command Line: -javaagent:C:\Program Files\JetBrains\IntelliJ IDEA Community Edition 2021.2.3\lib\idea_rt.jar=54643:C:\Program Files\JetBrains\IntelliJ IDEA Community Edition 2021.2.3\bin -Dfile.encoding=UTF-8 com.camel.camel.CamelProjectApplication

Host: Intel(R) Core(TM) i3-8145U CPU @ 2.10GHz, 4 cores, 3G,  Windows 10 , 64 bit Build 22000 (10.0.22000.708)
Time: Wed Jun 29 16:19:56 2022 India Standard Time elapsed time: 991.524866 seconds (0d 0h 16m 31s)

---------------  T H R E A D  ---------------

Current thread (0x000001bb1f5a27a0):  JavaThread "C2 CompilerThread0" daemon [_thread_in_native, id=8756, stack(0x00000023e4600000,0x00000023e4700000)]


Current CompileTask:
C2: 991525 5035       4       java.net.URLStreamHandler::parseURL (1201 bytes)

Stack: [0x00000023e4600000,0x00000023e4700000]
Native frames: (J=compiled Java code, j=interpreted, Vv=VM code, C=native code)
V  [jvm.dll+0x66fa1a]
V  [jvm.dll+0x7ce5a4]
V  [jvm.dll+0x7cfd4e]
V  [jvm.dll+0x7d03b3]
V  [jvm.dll+0x242b05]
V  [jvm.dll+0xaa05b]
V  [jvm.dll+0xaa5ec]
V  [jvm.dll+0x2a953f]
V  [jvm.dll+0x5785a9]
V  [jvm.dll+0x21dd7d]
V  [jvm.dll+0x21e15f]
V  [jvm.dll+0x217a2a]
V  [jvm.dll+0x214f05]
V  [jvm.dll+0x1a168d]
V  [jvm.dll+0x224848]
V  [jvm.dll+0x2229ac]
V  [jvm.dll+0x78435b]
V  [jvm.dll+0x77e91a]
V  [jvm.dll+0x66e845]
C  [ucrtbase.dll+0x26c0c]
C  [KERNEL32.DLL+0x154e0]
C  [ntdll.dll+0x485b]


---------------  P R O C E S S  ---------------

Threads class SMR info:
_java_thread_list=0x000001bb24ea98a0, length=26, elements={
0x000001bb045e9700, 0x000001bb045eb590, 0x000001bb1f59df70, 0x000001bb1f59f840,
0x000001bb1f5a0100, 0x000001bb1f5a0ab0, 0x000001bb1f5a27a0, 0x000001bb1f5a3240,
0x000001bb1f5af380, 0x000001bb1f65e2b0, 0x000001bb20947870, 0x000001bb20947d40,
0x000001bb23806450, 0x000001bb250c67f0, 0x000001bb2340a3d0, 0x000001bb25547820,
0x000001bb21314810, 0x000001bb201751d0, 0x000001bb22e14e90, 0x000001bb22e15360,
0x000001bb231dac60, 0x000001bb22c60f10, 0x000001bb22c630c0, 0x000001bb22c613e0,
0x000001bb22c63590, 0x000001bb22c63a60
}

Java Threads: ( => current thread )
  0x000001bb045e9700 JavaThread "Reference Handler" daemon [_thread_blocked, id=11636, stack(0x00000023e4000000,0x00000023e4100000)]
  0x000001bb045eb590 JavaThread "Finalizer" daemon [_thread_blocked, id=11420, stack(0x00000023e4100000,0x00000023e4200000)]
  0x000001bb1f59df70 JavaThread "Signal Dispatcher" daemon [_thread_blocked, id=15424, stack(0x00000023e4200000,0x00000023e4300000)]
  0x000001bb1f59f840 JavaThread "Attach Listener" daemon [_thread_blocked, id=14516, stack(0x00000023e4300000,0x00000023e4400000)]
  0x000001bb1f5a0100 JavaThread "Service Thread" daemon [_thread_blocked, id=8052, stack(0x00000023e4400000,0x00000023e4500000)]
  0x000001bb1f5a0ab0 JavaThread "Monitor Deflation Thread" daemon [_thread_blocked, id=144, stack(0x00000023e4500000,0x00000023e4600000)]
=>0x000001bb1f5a27a0 JavaThread "C2 CompilerThread0" daemon [_thread_in_native, id=8756, stack(0x00000023e4600000,0x00000023e4700000)]
  0x000001bb1f5a3240 JavaThread "C1 CompilerThread0" daemon [_thread_blocked, id=3632, stack(0x00000023e4700000,0x00000023e4800000)]
  0x000001bb1f5af380 JavaThread "Sweeper thread" daemon [_thread_blocked, id=8084, stack(0x00000023e4800000,0x00000023e4900000)]
  0x000001bb1f65e2b0 JavaThread "Common-Cleaner" daemon [_thread_blocked, id=17148, stack(0x00000023e4900000,0x00000023e4a00000)]
  0x000001bb20947870 JavaThread "Monitor Ctrl-Break" daemon [_thread_in_native, id=19228, stack(0x00000023e4a00000,0x00000023e4b00000)]
  0x000001bb20947d40 JavaThread "Notification Thread" daemon [_thread_blocked, id=1340, stack(0x00000023e4b00000,0x00000023e4c00000)]
  0x000001bb23806450 JavaThread "mysql-cj-abandoned-connection-cleanup" daemon [_thread_blocked, id=13000, stack(0x00000023e5100000,0x00000023e5200000)]
  0x000001bb250c67f0 JavaThread "Hibernate Connection Pool Validation Thread" daemon [_thread_blocked, id=16540, stack(0x00000023e5200000,0x00000023e5300000)]
  0x000001bb2340a3d0 JavaThread "CamelMainRunController" [_thread_blocked, id=19140, stack(0x00000023e5300000,0x00000023e5400000)]
  0x000001bb25547820 JavaThread "Camel (camel-1) thread #0 - file://src/data/input" daemon [_thread_blocked, id=10956, stack(0x00000023e5400000,0x00000023e5500000)]
  0x000001bb21314810 JavaThread "qtp393118622-23-acceptor-0@61a27787-ServerConnector@63551c66{HTTP/1.1, (http/1.1)}{0.0.0.0:8080}" [_thread_in_native, id=4932, stack(0x00000023e5500000,0x00000023e5600000)]
  0x000001bb201751d0 JavaThread "qtp393118622-24" [_thread_in_native, id=16676, stack(0x00000023e5600000,0x00000023e5700000)]
  0x000001bb22e14e90 JavaThread "qtp393118622-25" [_thread_in_native, id=17696, stack(0x00000023e5700000,0x00000023e5800000)]
  0x000001bb22e15360 JavaThread "qtp393118622-26" [_thread_blocked, id=4904, stack(0x00000023e5800000,0x00000023e5900000)]
  0x000001bb231dac60 JavaThread "qtp393118622-27" [_thread_blocked, id=17664, stack(0x00000023e5900000,0x00000023e5a00000)]
  0x000001bb22c60f10 JavaThread "qtp393118622-28" [_thread_blocked, id=8488, stack(0x00000023e5a00000,0x00000023e5b00000)]
  0x000001bb22c630c0 JavaThread "qtp393118622-29" [_thread_blocked, id=17656, stack(0x00000023e5b00000,0x00000023e5c00000)]
  0x000001bb22c613e0 JavaThread "qtp393118622-30" [_thread_blocked, id=1392, stack(0x00000023e5c00000,0x00000023e5d00000)]
  0x000001bb22c63590 JavaThread "DestroyJavaVM" [_thread_blocked, id=16560, stack(0x00000023e3900000,0x00000023e3a00000)]
  0x000001bb22c63a60 JavaThread "Connector-Scheduler-63551c66-1" [_thread_blocked, id=1288, stack(0x00000023e5e00000,0x00000023e5f00000)]

Other Threads:
  0x000001bb045e5b10 VMThread "VM Thread" [stack: 0x00000023e3f00000,0x00000023e4000000] [id=13672]
  0x000001bb20948b10 WatcherThread [stack: 0x00000023e4c00000,0x00000023e4d00000] [id=19252]
  0x000001bb045672f0 GCTaskThread "GC Thread#0" [stack: 0x00000023e3a00000,0x00000023e3b00000] [id=3840]
  0x000001bb20e34c30 GCTaskThread "GC Thread#1" [stack: 0x00000023e4d00000,0x00000023e4e00000] [id=15764]
  0x000001bb20e34ee0 GCTaskThread "GC Thread#2" [stack: 0x00000023e4e00000,0x00000023e4f00000] [id=10288]
  0x000001bb20e951c0 GCTaskThread "GC Thread#3" [stack: 0x00000023e4f00000,0x00000023e5000000] [id=11824]
  0x000001bb0456fb40 ConcurrentGCThread "G1 Main Marker" [stack: 0x00000023e3b00000,0x00000023e3c00000] [id=14128]
  0x000001bb04570550 ConcurrentGCThread "G1 Conc#0" [stack: 0x00000023e3c00000,0x00000023e3d00000] [id=15444]
  0x000001bb045b4f80 ConcurrentGCThread "G1 Refine#0" [stack: 0x00000023e3d00000,0x00000023e3e00000] [id=12160]
  0x000001bb20d69080 ConcurrentGCThread "G1 Refine#1" [stack: 0x00000023e5000000,0x00000023e5100000] [id=9208]
  0x000001bb045b6db0 ConcurrentGCThread "G1 Service" [stack: 0x00000023e3e00000,0x00000023e3f00000] [id=16484]

Threads with active compile tasks:
C2 CompilerThread0   991619 5035       4       java.net.URLStreamHandler::parseURL (1201 bytes)

VM state: not at safepoint (normal execution)

VM Mutex/Monitor currently owned by a thread: None

Heap address: 0x00000000c3800000, size: 968 MB, Compressed Oops mode: 32-bit

CDS archive(s) mapped at: [0x0000000800000000-0x0000000800bc0000-0x0000000800bc0000), size 12320768, SharedBaseAddress: 0x0000000800000000, ArchiveRelocationMode: 0.
Compressed class space mapped at: 0x0000000800c00000-0x0000000840c00000, reserved size: 1073741824
Narrow klass base: 0x0000000800000000, Narrow klass shift: 0, Narrow klass range: 0x100000000

GC Precious Log:
 CPUs: 4 total, 4 available
 Memory: 3871M
 Large Page Support: Disabled
 NUMA Support: Disabled
 Compressed Oops: Enabled (32-bit)
 Heap Region Size: 1M
 Heap Min Capacity: 8M
 Heap Initial Capacity: 62M
 Heap Max Capacity: 968M
 Pre-touch: Disabled
 Parallel Workers: 4
 Concurrent Workers: 1
 Concurrent Refinement Workers: 4
 Periodic GC: Disabled

Heap:
 garbage-first heap   total 68608K, used 40271K [0x00000000c3800000, 0x0000000100000000)
  region size 1024K, 19 young (19456K), 2 survivors (2048K)
 Metaspace       used 58241K, committed 58560K, reserved 1105920K
  class space    used 7799K, committed 7936K, reserved 1048576K

Heap Regions: E=young(eden), S=young(survivor), O=old, HS=humongous(starts), HC=humongous(continues), CS=collection set, F=free, OA=open archive, CA=closed archive, TAMS=top-at-mark-start (previous, next)
|   0|0x00000000c3800000, 0x00000000c3900000, 0x00000000c3900000|100%|HS|  |TAMS 0x00000000c3900000, 0x00000000c3800000| Complete 
|   1|0x00000000c3900000, 0x00000000c3a00000, 0x00000000c3a00000|100%|HS|  |TAMS 0x00000000c3a00000, 0x00000000c3900000| Complete 
|   2|0x00000000c3a00000, 0x00000000c3b00000, 0x00000000c3b00000|100%|HC|  |TAMS 0x00000000c3b00000, 0x00000000c3a00000| Complete 
|   3|0x00000000c3b00000, 0x00000000c3c00000, 0x00000000c3c00000|100%| O|  |TAMS 0x00000000c3c00000, 0x00000000c3b00000| Untracked 
|   4|0x00000000c3c00000, 0x00000000c3d00000, 0x00000000c3d00000|100%| O|  |TAMS 0x00000000c3d00000, 0x00000000c3c00000| Untracked 
|   5|0x00000000c3d00000, 0x00000000c3e00000, 0x00000000c3e00000|100%| O|  |TAMS 0x00000000c3e00000, 0x00000000c3d00000| Untracked 
|   6|0x00000000c3e00000, 0x00000000c3f00000, 0x00000000c3f00000|100%| O|  |TAMS 0x00000000c3f00000, 0x00000000c3e00000| Untracked 
|   7|0x00000000c3f00000, 0x00000000c4000000, 0x00000000c4000000|100%| O|  |TAMS 0x00000000c4000000, 0x00000000c3f00000| Untracked 
|   8|0x00000000c4000000, 0x00000000c4100000, 0x00000000c4100000|100%| O|  |TAMS 0x00000000c4100000, 0x00000000c4000000| Untracked 
|   9|0x00000000c4100000, 0x00000000c4200000, 0x00000000c4200000|100%| O|  |TAMS 0x00000000c4200000, 0x00000000c4100000| Untracked 
|  10|0x00000000c4200000, 0x00000000c4300000, 0x00000000c4300000|100%| O|  |TAMS 0x00000000c4300000, 0x00000000c4200000| Untracked 
|  11|0x00000000c4300000, 0x00000000c4400000, 0x00000000c4400000|100%| O|  |TAMS 0x00000000c4400000, 0x00000000c4300000| Untracked 
|  12|0x00000000c4400000, 0x00000000c4500000, 0x00000000c4500000|100%| O|  |TAMS 0x00000000c4500000, 0x00000000c4400000| Untracked 
|  13|0x00000000c4500000, 0x00000000c4600000, 0x00000000c4600000|100%| O|  |TAMS 0x00000000c4600000, 0x00000000c4500000| Untracked 
|  14|0x00000000c4600000, 0x00000000c467aa00, 0x00000000c4700000| 47%| O|  |TAMS 0x00000000c467aa00, 0x00000000c4600000| Untracked 
|  15|0x00000000c4700000, 0x00000000c4800000, 0x00000000c4800000|100%| O|  |TAMS 0x00000000c4800000, 0x00000000c4700000| Untracked 
|  16|0x00000000c4800000, 0x00000000c4900000, 0x00000000c4900000|100%| O|  |TAMS 0x00000000c4883000, 0x00000000c4800000| Untracked 
|  17|0x00000000c4900000, 0x00000000c4a00000, 0x00000000c4a00000|100%| O|  |TAMS 0x00000000c4900000, 0x00000000c4900000| Untracked 
|  18|0x00000000c4a00000, 0x00000000c4b00000, 0x00000000c4b00000|100%| O|  |TAMS 0x00000000c4a00000, 0x00000000c4a00000| Untracked 
|  19|0x00000000c4b00000, 0x00000000c4c00000, 0x00000000c4c00000|100%| O|  |TAMS 0x00000000c4b00000, 0x00000000c4b00000| Untracked 
|  20|0x00000000c4c00000, 0x00000000c4d00000, 0x00000000c4d00000|100%| O|  |TAMS 0x00000000c4c00000, 0x00000000c4c00000| Untracked 
|  21|0x00000000c4d00000, 0x00000000c4e00000, 0x00000000c4e00000|100%| O|  |TAMS 0x00000000c4d00000, 0x00000000c4d00000| Untracked 
|  22|0x00000000c4e00000, 0x00000000c4f00000, 0x00000000c4f00000|100%| O|  |TAMS 0x00000000c4e00000, 0x00000000c4e00000| Untracked 
|  23|0x00000000c4f00000, 0x00000000c4f17c00, 0x00000000c5000000|  9%| O|  |TAMS 0x00000000c4f00000, 0x00000000c4f00000| Untracked 
|  24|0x00000000c5000000, 0x00000000c5000000, 0x00000000c5100000|  0%| F|  |TAMS 0x00000000c5000000, 0x00000000c5000000| Untracked 
|  25|0x00000000c5100000, 0x00000000c5100000, 0x00000000c5200000|  0%| F|  |TAMS 0x00000000c5100000, 0x00000000c5100000| Untracked 
|  26|0x00000000c5200000, 0x00000000c5200000, 0x00000000c5300000|  0%| F|  |TAMS 0x00000000c5200000, 0x00000000c5200000| Untracked 
|  27|0x00000000c5300000, 0x00000000c5300000, 0x00000000c5400000|  0%| F|  |TAMS 0x00000000c5300000, 0x00000000c5300000| Untracked 
|  28|0x00000000c5400000, 0x00000000c5400000, 0x00000000c5500000|  0%| F|  |TAMS 0x00000000c5400000, 0x00000000c5400000| Untracked 
|  29|0x00000000c5500000, 0x00000000c5500000, 0x00000000c5600000|  0%| F|  |TAMS 0x00000000c5500000, 0x00000000c5500000| Untracked 
|  30|0x00000000c5600000, 0x00000000c5600000, 0x00000000c5700000|  0%| F|  |TAMS 0x00000000c5600000, 0x00000000c5600000| Untracked 
|  31|0x00000000c5700000, 0x00000000c5700000, 0x00000000c5800000|  0%| F|  |TAMS 0x00000000c5700000, 0x00000000c5700000| Untracked 
|  32|0x00000000c5800000, 0x00000000c5800000, 0x00000000c5900000|  0%| F|  |TAMS 0x00000000c5800000, 0x00000000c5800000| Untracked 
|  33|0x00000000c5900000, 0x00000000c5900000, 0x00000000c5a00000|  0%| F|  |TAMS 0x00000000c5900000, 0x00000000c5900000| Untracked 
|  34|0x00000000c5a00000, 0x00000000c5a00000, 0x00000000c5b00000|  0%| F|  |TAMS 0x00000000c5a00000, 0x00000000c5a00000| Untracked 
|  35|0x00000000c5b00000, 0x00000000c5b00000, 0x00000000c5c00000|  0%| F|  |TAMS 0x00000000c5b00000, 0x00000000c5b00000| Untracked 
|  36|0x00000000c5c00000, 0x00000000c5c00000, 0x00000000c5d00000|  0%| F|  |TAMS 0x00000000c5c00000, 0x00000000c5c00000| Untracked 
|  37|0x00000000c5d00000, 0x00000000c5dc18e0, 0x00000000c5e00000| 75%| S|CS|TAMS 0x00000000c5d00000, 0x00000000c5d00000| Complete 
|  38|0x00000000c5e00000, 0x00000000c5f00000, 0x00000000c5f00000|100%| S|CS|TAMS 0x00000000c5e00000, 0x00000000c5e00000| Complete 
|  39|0x00000000c5f00000, 0x00000000c5f00000, 0x00000000c6000000|  0%| F|  |TAMS 0x00000000c5f00000, 0x00000000c5f00000| Untracked 
|  40|0x00000000c6000000, 0x00000000c6000000, 0x00000000c6100000|  0%| F|  |TAMS 0x00000000c6000000, 0x00000000c6000000| Untracked 
|  41|0x00000000c6100000, 0x00000000c6100000, 0x00000000c6200000|  0%| F|  |TAMS 0x00000000c6100000, 0x00000000c6100000| Untracked 
|  42|0x00000000c6200000, 0x00000000c6200000, 0x00000000c6300000|  0%| F|  |TAMS 0x00000000c6200000, 0x00000000c6200000| Untracked 
|  43|0x00000000c6300000, 0x00000000c6300000, 0x00000000c6400000|  0%| F|  |TAMS 0x00000000c6300000, 0x00000000c6300000| Untracked 
|  44|0x00000000c6400000, 0x00000000c6400000, 0x00000000c6500000|  0%| F|  |TAMS 0x00000000c6400000, 0x00000000c6400000| Untracked 
|  45|0x00000000c6500000, 0x00000000c6500000, 0x00000000c6600000|  0%| F|  |TAMS 0x00000000c6500000, 0x00000000c6500000| Untracked 
|  46|0x00000000c6600000, 0x00000000c6600000, 0x00000000c6700000|  0%| F|  |TAMS 0x00000000c6600000, 0x00000000c6600000| Untracked 
|  47|0x00000000c6700000, 0x00000000c6700000, 0x00000000c6800000|  0%| F|  |TAMS 0x00000000c6700000, 0x00000000c6700000| Untracked 
|  48|0x00000000c6800000, 0x00000000c6800000, 0x00000000c6900000|  0%| F|  |TAMS 0x00000000c6800000, 0x00000000c6800000| Untracked 
|  49|0x00000000c6900000, 0x00000000c6900000, 0x00000000c6a00000|  0%| F|  |TAMS 0x00000000c6900000, 0x00000000c6900000| Untracked 
|  50|0x00000000c6a00000, 0x00000000c6a8ad28, 0x00000000c6b00000| 54%| E|  |TAMS 0x00000000c6a00000, 0x00000000c6a00000| Complete 
|  51|0x00000000c6b00000, 0x00000000c6c00000, 0x00000000c6c00000|100%| E|CS|TAMS 0x00000000c6b00000, 0x00000000c6b00000| Complete 
|  52|0x00000000c6c00000, 0x00000000c6d00000, 0x00000000c6d00000|100%| E|CS|TAMS 0x00000000c6c00000, 0x00000000c6c00000| Complete 
|  53|0x00000000c6d00000, 0x00000000c6e00000, 0x00000000c6e00000|100%| E|CS|TAMS 0x00000000c6d00000, 0x00000000c6d00000| Complete 
|  54|0x00000000c6e00000, 0x00000000c6f00000, 0x00000000c6f00000|100%| E|CS|TAMS 0x00000000c6e00000, 0x00000000c6e00000| Complete 
|  55|0x00000000c6f00000, 0x00000000c7000000, 0x00000000c7000000|100%| E|CS|TAMS 0x00000000c6f00000, 0x00000000c6f00000| Complete 
|  56|0x00000000c7000000, 0x00000000c7100000, 0x00000000c7100000|100%| E|CS|TAMS 0x00000000c7000000, 0x00000000c7000000| Complete 
|  57|0x00000000c7100000, 0x00000000c7200000, 0x00000000c7200000|100%| E|CS|TAMS 0x00000000c7100000, 0x00000000c7100000| Complete 
|  58|0x00000000c7200000, 0x00000000c7300000, 0x00000000c7300000|100%| E|CS|TAMS 0x00000000c7200000, 0x00000000c7200000| Complete 
|  59|0x00000000c7300000, 0x00000000c7400000, 0x00000000c7400000|100%| E|CS|TAMS 0x00000000c7300000, 0x00000000c7300000| Complete 
|  60|0x00000000c7400000, 0x00000000c7500000, 0x00000000c7500000|100%| E|CS|TAMS 0x00000000c7400000, 0x00000000c7400000| Complete 
|  61|0x00000000c7500000, 0x00000000c7600000, 0x00000000c7600000|100%| E|CS|TAMS 0x00000000c7500000, 0x00000000c7500000| Complete 
|  62|0x00000000c7600000, 0x00000000c7700000, 0x00000000c7700000|100%| E|CS|TAMS 0x00000000c7600000, 0x00000000c7600000| Complete 
|  63|0x00000000c7700000, 0x00000000c77fff80, 0x00000000c7800000| 99%| E|  |TAMS 0x00000000c7700000, 0x00000000c7700000| Complete 
|  64|0x00000000c7800000, 0x00000000c7900000, 0x00000000c7900000|100%| E|CS|TAMS 0x00000000c7800000, 0x00000000c7800000| Complete 
|  65|0x00000000c7900000, 0x00000000c7a00000, 0x00000000c7a00000|100%| E|CS|TAMS 0x00000000c7900000, 0x00000000c7900000| Complete 
|  74|0x00000000c8200000, 0x00000000c8300000, 0x00000000c8300000|100%| E|CS|TAMS 0x00000000c8200000, 0x00000000c8200000| Complete 

Card table byte_map: [0x000001bb1af20000,0x000001bb1b110000] _byte_map_base: 0x000001bb1a904000

Marking Bits (Prev, Next): (CMBitMap*) 0x000001bb04567900, (CMBitMap*) 0x000001bb04567940
 Prev Bits: [0x000001bb1b300000, 0x000001bb1c220000)
 Next Bits: [0x000001bb1c220000, 0x000001bb1d140000)

Polling page: 0x000001bb02500000

Metaspace:

Usage:
  Non-class:     49.26 MB used.
      Class:      7.62 MB used.
       Both:     56.88 MB used.

Virtual space:
  Non-class space:       56.00 MB reserved,      49.44 MB ( 88%) committed,  7 nodes.
      Class space:        1.00 GB reserved,       7.75 MB ( <1%) committed,  1 nodes.
             Both:        1.05 GB reserved,      57.19 MB (  5%) committed. 

Chunk freelists:
   Non-Class:  2.59 MB
       Class:  80.00 KB
        Both:  2.67 MB

MaxMetaspaceSize: unlimited
CompressedClassSpaceSize: 1.00 GB
Initial GC threshold: 21.00 MB
Current GC threshold: 59.00 MB
CDS: on
MetaspaceReclaimPolicy: balanced
 - commit_granule_bytes: 65536.
 - commit_granule_words: 8192.
 - virtual_space_node_default_size: 1048576.
 - enlarge_chunks_in_place: 1.
 - new_chunks_are_fully_committed: 0.
 - uncommit_free_chunks: 1.
 - use_allocation_guard: 0.
 - handle_deallocations: 1.


Internal statistics:

num_allocs_failed_limit: 6.
num_arena_births: 390.
num_arena_deaths: 0.
num_vsnodes_births: 8.
num_vsnodes_deaths: 0.
num_space_committed: 915.
num_space_uncommitted: 0.
num_chunks_returned_to_freelist: 6.
num_chunks_taken_from_freelist: 2226.
num_chunk_merges: 6.
num_chunk_splits: 1642.
num_chunks_enlarged: 1340.
num_purges: 0.
num_inconsistent_stats: 0.

CodeHeap 'non-profiled nmethods': size=120000Kb used=2042Kb max_used=2567Kb free=117957Kb
 bounds [0x000001bb13800000, 0x000001bb13a90000, 0x000001bb1ad30000]
CodeHeap 'profiled nmethods': size=120000Kb used=7878Kb max_used=9952Kb free=112121Kb
 bounds [0x000001bb0c2d0000, 0x000001bb0cc90000, 0x000001bb13800000]
CodeHeap 'non-nmethods': size=5760Kb used=1343Kb max_used=1412Kb free=4416Kb
 bounds [0x000001bb0bd30000, 0x000001bb0bfa0000, 0x000001bb0c2d0000]
 total_blobs=4888 nmethods=4211 adapters=587
 compilation: enabled
              stopped_count=0, restarted_count=0
 full_count=0

Compilation events (20 events):
Event: 646.384 Thread 0x000001bb1f5a27a0 nmethod 5024 0x000001bb1386dc90 code [0x000001bb1386de00, 0x000001bb1386de98]
Event: 657.066 Thread 0x000001bb1f5a27a0 5025       4       java.util.concurrent.ThreadPoolExecutor::beforeExecute (1 bytes)
Event: 657.067 Thread 0x000001bb1f5a27a0 nmethod 5025 0x000001bb1386d710 code [0x000001bb1386d880, 0x000001bb1386d8f8]
Event: 695.939 Thread 0x000001bb1f5a3240 5026       1       org.eclipse.jetty.util.thread.QueuedThreadPool::access$100 (5 bytes)
Event: 695.950 Thread 0x000001bb1f5a3240 nmethod 5026 0x000001bb13816d90 code [0x000001bb13816f20, 0x000001bb13816fd8]
Event: 721.991 Thread 0x000001bb1f5a27a0 5028       4       java.util.concurrent.ThreadPoolExecutor::afterExecute (1 bytes)
Event: 721.992 Thread 0x000001bb1f5a27a0 nmethod 5028 0x000001bb13816a90 code [0x000001bb13816c00, 0x000001bb13816c78]
Event: 744.882 Thread 0x000001bb1f5a27a0 5029       4       ch.qos.logback.classic.Logger::isDebugEnabled (77 bytes)
Event: 744.912 Thread 0x000001bb1f5a27a0 nmethod 5029 0x000001bb13816390 code [0x000001bb13816520, 0x000001bb13816668]
Event: 798.370 Thread 0x000001bb1f5a27a0 5030       4       java.lang.StringLatin1::trim (76 bytes)
Event: 798.374 Thread 0x000001bb1f5a27a0 nmethod 5030 0x000001bb1385ec10 code [0x000001bb1385ed80, 0x000001bb1385ee58]
Event: 833.042 Thread 0x000001bb1f5a27a0 5031       4       org.apache.camel.component.file.GenericFile::normalizePathToProtocol (33 bytes)
Event: 833.097 Thread 0x000001bb1f5a27a0 nmethod 5031 0x000001bb138fe210 code [0x000001bb138fe3a0, 0x000001bb138fe978]
Event: 862.098 Thread 0x000001bb1f5a27a0 5032       4       java.util.concurrent.ThreadPoolExecutor::runStateAtLeast (11 bytes)
Event: 862.099 Thread 0x000001bb1f5a27a0 nmethod 5032 0x000001bb138fdf10 code [0x000001bb138fe080, 0x000001bb138fe0f8]
Event: 871.790 Thread 0x000001bb1f5a27a0 5033       4       java.io.File::<init> (47 bytes)
Event: 871.808 Thread 0x000001bb1f5a27a0 nmethod 5033 0x000001bb13985190 code [0x000001bb13985360, 0x000001bb13985950]
Event: 914.504 Thread 0x000001bb1f5a27a0 5034       4       java.util.concurrent.ScheduledThreadPoolExecutor::canRunInCurrentRunState (61 bytes)
Event: 914.512 Thread 0x000001bb1f5a27a0 nmethod 5034 0x000001bb1385e910 code [0x000001bb1385ea80, 0x000001bb1385eb38]
Event: 991.391 Thread 0x000001bb1f5a27a0 5035       4       java.net.URLStreamHandler::parseURL (1201 bytes)

GC Heap History (20 events):
Event: 3.015 GC heap before
{Heap before GC invocations=2 (full 0):
 garbage-first heap   total 63488K, used 27915K [0x00000000c3800000, 0x0000000100000000)
  region size 1024K, 18 young (18432K), 1 survivors (1024K)
 Metaspace       used 9346K, committed 9600K, reserved 1064960K
  class space    used 1173K, committed 1280K, reserved 1048576K
}
Event: 3.021 GC heap after
{Heap after GC invocations=3 (full 0):
 garbage-first heap   total 63488K, used 11830K [0x00000000c3800000, 0x0000000100000000)
  region size 1024K, 3 young (3072K), 3 survivors (3072K)
 Metaspace       used 9346K, committed 9600K, reserved 1064960K
  class space    used 1173K, committed 1280K, reserved 1048576K
}
Event: 3.356 GC heap before
{Heap before GC invocations=3 (full 0):
 garbage-first heap   total 63488K, used 35382K [0x00000000c3800000, 0x0000000100000000)
  region size 1024K, 27 young (27648K), 3 survivors (3072K)
 Metaspace       used 10869K, committed 11008K, reserved 1064960K
  class space    used 1344K, committed 1408K, reserved 1048576K
}
Event: 3.361 GC heap after
{Heap after GC invocations=4 (full 0):
 garbage-first heap   total 63488K, used 12613K [0x00000000c3800000, 0x0000000100000000)
  region size 1024K, 3 young (3072K), 3 survivors (3072K)
 Metaspace       used 10869K, committed 11008K, reserved 1064960K
  class space    used 1344K, committed 1408K, reserved 1048576K
}
Event: 3.749 GC heap before
{Heap before GC invocations=4 (full 0):
 garbage-first heap   total 63488K, used 39237K [0x00000000c3800000, 0x0000000100000000)
  region size 1024K, 30 young (30720K), 3 survivors (3072K)
 Metaspace       used 11558K, committed 11776K, reserved 1064960K
  class space    used 1404K, committed 1536K, reserved 1048576K
}
Event: 3.754 GC heap after
{Heap after GC invocations=5 (full 0):
 garbage-first heap   total 63488K, used 13297K [0x00000000c3800000, 0x0000000100000000)
  region size 1024K, 3 young (3072K), 3 survivors (3072K)
 Metaspace       used 11558K, committed 11776K, reserved 1064960K
  class space    used 1404K, committed 1536K, reserved 1048576K
}
Event: 5.518 GC heap before
{Heap before GC invocations=5 (full 0):
 garbage-first heap   total 63488K, used 45041K [0x00000000c3800000, 0x0000000100000000)
  region size 1024K, 34 young (34816K), 3 survivors (3072K)
 Metaspace       used 15795K, committed 16000K, reserved 1064960K
  class space    used 1953K, committed 2048K, reserved 1048576K
}
Event: 5.531 GC heap after
{Heap after GC invocations=6 (full 0):
 garbage-first heap   total 63488K, used 15271K [0x00000000c3800000, 0x0000000100000000)
  region size 1024K, 4 young (4096K), 4 survivors (4096K)
 Metaspace       used 15795K, committed 16000K, reserved 1064960K
  class space    used 1953K, committed 2048K, reserved 1048576K
}
Event: 6.505 GC heap before
{Heap before GC invocations=6 (full 0):
 garbage-first heap   total 63488K, used 44967K [0x00000000c3800000, 0x0000000100000000)
  region size 1024K, 33 young (33792K), 4 survivors (4096K)
 Metaspace       used 18643K, committed 18880K, reserved 1073152K
  class space    used 2322K, committed 2432K, reserved 1048576K
}
Event: 6.517 GC heap after
{Heap after GC invocations=7 (full 0):
 garbage-first heap   total 63488K, used 16763K [0x00000000c3800000, 0x0000000100000000)
  region size 1024K, 4 young (4096K), 4 survivors (4096K)
 Metaspace       used 18643K, committed 18880K, reserved 1073152K
  class space    used 2322K, committed 2432K, reserved 1048576K
}
Event: 7.154 GC heap before
{Heap before GC invocations=7 (full 0):
 garbage-first heap   total 63488K, used 35195K [0x00000000c3800000, 0x0000000100000000)
  region size 1024K, 23 young (23552K), 4 survivors (4096K)
 Metaspace       used 21324K, committed 21504K, reserved 1073152K
  class space    used 2807K, committed 2880K, reserved 1048576K
}
Event: 7.168 GC heap after
{Heap after GC invocations=8 (full 0):
 garbage-first heap   total 76800K, used 18271K [0x00000000c3800000, 0x0000000100000000)
  region size 1024K, 4 young (4096K), 4 survivors (4096K)
 Metaspace       used 21324K, committed 21504K, reserved 1073152K
  class space    used 2807K, committed 2880K, reserved 1048576K
}
Event: 9.056 GC heap before
{Heap before GC invocations=9 (full 0):
 garbage-first heap   total 68608K, used 55135K [0x00000000c3800000, 0x0000000100000000)
  region size 1024K, 40 young (40960K), 4 survivors (4096K)
 Metaspace       used 33664K, committed 33920K, reserved 1081344K
  class space    used 4549K, committed 4672K, reserved 1048576K
}
Event: 9.070 GC heap after
{Heap after GC invocations=10 (full 0):
 garbage-first heap   total 68608K, used 20075K [0x00000000c3800000, 0x0000000100000000)
  region size 1024K, 4 young (4096K), 4 survivors (4096K)
 Metaspace       used 33664K, committed 33920K, reserved 1081344K
  class space    used 4549K, committed 4672K, reserved 1048576K
}
Event: 9.433 GC heap before
{Heap before GC invocations=10 (full 0):
 garbage-first heap   total 68608K, used 27243K [0x00000000c3800000, 0x0000000100000000)
  region size 1024K, 12 young (12288K), 4 survivors (4096K)
 Metaspace       used 35821K, committed 36096K, reserved 1081344K
  class space    used 4790K, committed 4928K, reserved 1048576K
}
Event: 9.444 GC heap after
{Heap after GC invocations=11 (full 0):
 garbage-first heap   total 68608K, used 20695K [0x00000000c3800000, 0x0000000100000000)
  region size 1024K, 3 young (3072K), 3 survivors (3072K)
 Metaspace       used 35821K, committed 36096K, reserved 1081344K
  class space    used 4790K, committed 4928K, reserved 1048576K
}
Event: 12.742 GC heap before
{Heap before GC invocations=12 (full 0):
 garbage-first heap   total 68608K, used 52439K [0x00000000c3800000, 0x0000000100000000)
  region size 1024K, 34 young (34816K), 3 survivors (3072K)
 Metaspace       used 47475K, committed 47808K, reserved 1097728K
  class space    used 6490K, committed 6656K, reserved 1048576K
}
Event: 12.756 GC heap after
{Heap after GC invocations=13 (full 0):
 garbage-first heap   total 68608K, used 23503K [0x00000000c3800000, 0x0000000100000000)
  region size 1024K, 4 young (4096K), 4 survivors (4096K)
 Metaspace       used 47475K, committed 47808K, reserved 1097728K
  class space    used 6490K, committed 6656K, reserved 1048576K
}
Event: 36.054 GC heap before
{Heap before GC invocations=13 (full 0):
 garbage-first heap   total 68608K, used 52175K [0x00000000c3800000, 0x0000000100000000)
  region size 1024K, 32 young (32768K), 4 survivors (4096K)
 Metaspace       used 54922K, committed 55232K, reserved 1097728K
  class space    used 7408K, committed 7552K, reserved 1048576K
}
Event: 36.106 GC heap after
{Heap after GC invocations=14 (full 0):
 garbage-first heap   total 68608K, used 24911K [0x00000000c3800000, 0x0000000100000000)
  region size 1024K, 2 young (2048K), 2 survivors (2048K)
 Metaspace       used 54922K, committed 55232K, reserved 1097728K
  class space    used 7408K, committed 7552K, reserved 1048576K
}

Deoptimization events (20 events):
Event: 36.510 Thread 0x000001bb22c60f10 Uncommon trap: trap_request=0xffffffcc fr.pc=0x000001bb13a6a588 relative=0x0000000000000368
Event: 36.510 Thread 0x000001bb22c60f10 Uncommon trap: reason=intrinsic_or_type_checked_inlining action=make_not_entrant pc=0x000001bb13a6a588 method=java.util.Arrays.copyOf([Ljava/lang/Object;ILjava/lang/Class;)[Ljava/lang/Object; @ 35 c2
Event: 36.510 Thread 0x000001bb22c60f10 DEOPT PACKING pc=0x000001bb13a6a588 sp=0x00000023e5afd790
Event: 36.510 Thread 0x000001bb22c60f10 DEOPT UNPACKING pc=0x000001bb0bd823a3 sp=0x00000023e5afd720 mode 2
Event: 37.134 Thread 0x000001bb22c60f10 Uncommon trap: trap_request=0xffffffde fr.pc=0x000001bb13a44e18 relative=0x0000000000000178
Event: 37.134 Thread 0x000001bb22c60f10 Uncommon trap: reason=class_check action=maybe_recompile pc=0x000001bb13a44e18 method=java.util.regex.Pattern$Branch.match(Ljava/util/regex/Matcher;ILjava/lang/CharSequence;)Z @ 32 c2
Event: 37.134 Thread 0x000001bb22c60f10 DEOPT PACKING pc=0x000001bb13a44e18 sp=0x00000023e5afdc80
Event: 37.134 Thread 0x000001bb22c60f10 DEOPT UNPACKING pc=0x000001bb0bd823a3 sp=0x00000023e5afdc10 mode 2
Event: 37.134 Thread 0x000001bb22c60f10 Uncommon trap: trap_request=0xffffffde fr.pc=0x000001bb13a44e18 relative=0x0000000000000178
Event: 37.134 Thread 0x000001bb22c60f10 Uncommon trap: reason=class_check action=maybe_recompile pc=0x000001bb13a44e18 method=java.util.regex.Pattern$Branch.match(Ljava/util/regex/Matcher;ILjava/lang/CharSequence;)Z @ 32 c2
Event: 37.134 Thread 0x000001bb22c60f10 DEOPT PACKING pc=0x000001bb13a44e18 sp=0x00000023e5afd850
Event: 37.134 Thread 0x000001bb22c60f10 DEOPT UNPACKING pc=0x000001bb0bd823a3 sp=0x00000023e5afd7e0 mode 2
Event: 37.134 Thread 0x000001bb22c60f10 Uncommon trap: trap_request=0xffffffde fr.pc=0x000001bb13a44e18 relative=0x0000000000000178
Event: 37.134 Thread 0x000001bb22c60f10 Uncommon trap: reason=class_check action=maybe_recompile pc=0x000001bb13a44e18 method=java.util.regex.Pattern$Branch.match(Ljava/util/regex/Matcher;ILjava/lang/CharSequence;)Z @ 32 c2
Event: 37.134 Thread 0x000001bb22c60f10 DEOPT PACKING pc=0x000001bb13a44e18 sp=0x00000023e5afdc80
Event: 37.134 Thread 0x000001bb22c60f10 DEOPT UNPACKING pc=0x000001bb0bd823a3 sp=0x00000023e5afdc10 mode 2
Event: 37.134 Thread 0x000001bb22c60f10 Uncommon trap: trap_request=0xffffffde fr.pc=0x000001bb13a44e18 relative=0x0000000000000178
Event: 37.134 Thread 0x000001bb22c60f10 Uncommon trap: reason=class_check action=maybe_recompile pc=0x000001bb13a44e18 method=java.util.regex.Pattern$Branch.match(Ljava/util/regex/Matcher;ILjava/lang/CharSequence;)Z @ 32 c2
Event: 37.134 Thread 0x000001bb22c60f10 DEOPT PACKING pc=0x000001bb13a44e18 sp=0x00000023e5afd850
Event: 37.134 Thread 0x000001bb22c60f10 DEOPT UNPACKING pc=0x000001bb0bd823a3 sp=0x00000023e5afd7e0 mode 2

Classes unloaded (0 events):
No events

Classes redefined (0 events):
No events

Internal exceptions (20 events):
Event: 7.953 Thread 0x000001bb0453a150 Exception <a 'java/lang/ClassNotFoundException'{0x00000000c6da35d8}: java/lang/ObjectCustomizer> (0x00000000c6da35d8) 
thrown [t:\workspace\open\src\hotspot\share\classfile\systemDictionary.cpp, line 256]
Event: 7.954 Thread 0x000001bb0453a150 Exception <a 'java/lang/ClassNotFoundException'{0x00000000c6daa468}: com/camel/camel/beans/NameAddressCustomizer> (0x00000000c6daa468) 
thrown [t:\workspace\open\src\hotspot\share\classfile\systemDictionary.cpp, line 256]
Event: 8.777 Thread 0x000001bb0453a150 Exception <a 'java/lang/NoSuchMethodError'{0x00000000c56da040}: 'java.lang.Object java.lang.invoke.DirectMethodHandle$Holder.invokeStaticInit(java.lang.Object, int, int, int, int)'> (0x00000000c56da040) 
thrown [t:\workspace\open\src\hotspot\share\interpreter\linkResolver.cpp, line 766]
Event: 8.864 Thread 0x000001bb0453a150 Exception <a 'java/lang/NoSuchMethodError'{0x00000000c5525538}: 'java.lang.Object java.lang.invoke.DirectMethodHandle$Holder.invokeStaticInit(java.lang.Object, java.lang.Object, int, int, int, int)'> (0x00000000c5525538) 
thrown [t:\workspace\open\src\hotspot\share\interpreter\linkResolver.cpp, line 766]
Event: 9.783 Thread 0x000001bb0453a150 Exception <a 'sun/nio/fs/WindowsException'{0x00000000c7760d10}> (0x00000000c7760d10) 
thrown [t:\workspace\open\src\hotspot\share\prims\jni.cpp, line 516]
Event: 9.820 Thread 0x000001bb0453a150 Exception <a 'java/lang/NoSuchMethodError'{0x00000000c77834f8}: 'int java.lang.invoke.DirectMethodHandle$Holder.invokeStaticInit(java.lang.Object, java.lang.Object, java.lang.Object, java.lang.Object)'> (0x00000000c77834f8) 
thrown [t:\workspace\open\src\hotspot\share\interpreter\linkResolver.cpp, line 766]
Event: 10.649 Thread 0x000001bb0453a150 Exception <a 'java/lang/NoSuchMethodError'{0x00000000c6f4c5d0}: 'void java.lang.invoke.DirectMethodHandle$Holder.invokeVirtual(java.lang.Object, java.lang.Object)'> (0x00000000c6f4c5d0) 
thrown [t:\workspace\open\src\hotspot\share\interpreter\linkResolver.cpp, line 766]
Event: 12.824 Thread 0x000001bb0453a150 Exception <a 'java/lang/NoSuchMethodError'{0x00000000c82c9d70}: 'void java.lang.invoke.DirectMethodHandle$Holder.invokeInterface(java.lang.Object, java.lang.Object)'> (0x00000000c82c9d70) 
thrown [t:\workspace\open\src\hotspot\share\interpreter\linkResolver.cpp, line 766]
Event: 12.832 Thread 0x000001bb0453a150 Exception <a 'java/lang/NoSuchMethodError'{0x00000000c82e5c48}: 'int java.lang.invoke.DirectMethodHandle$Holder.invokeStatic(java.lang.Object, java.lang.Object, int)'> (0x00000000c82e5c48) 
thrown [t:\workspace\open\src\hotspot\share\interpreter\linkResolver.cpp, line 766]
Event: 12.890 Thread 0x000001bb0453a150 Exception <a 'java/lang/NoSuchMethodError'{0x00000000c797b810}: 'java.lang.Object java.lang.invoke.DirectMethodHandle$Holder.invokeStaticInit(java.lang.Object, java.lang.Object, java.lang.Object, java.lang.Object, int, int)'> (0x00000000c797b810) 
thrown [t:\workspace\open\src\hotspot\share\interpreter\linkResolver.cpp, line 766]
Event: 12.928 Thread 0x000001bb0453a150 Exception <a 'java/lang/NoSuchMethodError'{0x00000000c781dff8}: 'void java.lang.invoke.DirectMethodHandle$Holder.invokeStaticInit(java.lang.Object, java.lang.Object, java.lang.Object, java.lang.Object)'> (0x00000000c781dff8) 
thrown [t:\workspace\open\src\hotspot\share\interpreter\linkResolver.cpp, line 766]
Event: 14.982 Thread 0x000001bb0453a150 Exception <a 'java/lang/NoSuchMethodError'{0x00000000c6925890}: 'void java.lang.invoke.DirectMethodHandle$Holder.invokeStaticInit(java.lang.Object)'> (0x00000000c6925890) 
thrown [t:\workspace\open\src\hotspot\share\interpreter\linkResolver.cpp, line 766]
Event: 15.152 Thread 0x000001bb0453a150 Exception <a 'java/lang/NoSuchMethodError'{0x00000000c6709c78}: 'int java.lang.invoke.DirectMethodHandle$Holder.invokeSpecial(java.lang.Object, java.lang.Object, int)'> (0x00000000c6709c78) 
thrown [t:\workspace\open\src\hotspot\share\interpreter\linkResolver.cpp, line 766]
Event: 35.907 Thread 0x000001bb22c60f10 Exception <a 'java/lang/NoSuchMethodError'{0x00000000c60bd0a0}: 'java.lang.Object java.lang.invoke.DirectMethodHandle$Holder.newInvokeSpecial(java.lang.Object, java.lang.Object, int)'> (0x00000000c60bd0a0) 
thrown [t:\workspace\open\src\hotspot\share\interpreter\linkResolver.cpp, line 766]
Event: 35.971 Thread 0x000001bb22c60f10 Exception <a 'java/lang/NoSuchMethodError'{0x00000000c5f27e58}: 'void java.lang.invoke.DirectMethodHandle$Holder.invokeVirtual(java.lang.Object, java.lang.Object, int)'> (0x00000000c5f27e58) 
thrown [t:\workspace\open\src\hotspot\share\interpreter\linkResolver.cpp, line 766]
Event: 36.266 Thread 0x000001bb22c60f10 Exception <a 'java/lang/NoSuchMethodError'{0x00000000c77305c0}: 'java.lang.Object java.lang.invoke.DirectMethodHandle$Holder.invokeSpecial(java.lang.Object, java.lang.Object, java.lang.Object, java.lang.Object, java.lang.Object, int)'> (0x00000000c77305c0) 
thrown [t:\workspace\open\src\hotspot\share\interpreter\linkResolver.cpp, line 766]
Event: 36.267 Thread 0x000001bb22c60f10 Exception <a 'java/lang/NoSuchMethodError'{0x00000000c77340a8}: 'java.lang.Object java.lang.invoke.Invokers$Holder.linkToTargetMethod(java.lang.Object, java.lang.Object, java.lang.Object, int, java.lang.Object)'> (0x00000000c77340a8) 
thrown [t:\workspace\open\src\hotspot\share\interpreter\linkResolver.cpp, line 766]
Event: 36.268 Thread 0x000001bb22c60f10 Implicit null exception at 0x000001bb1398d58c to 0x000001bb1398d5bc
Event: 37.116 Thread 0x000001bb22c60f10 Exception <a 'java/lang/reflect/InvocationTargetException'{0x00000000c6e1d110}> (0x00000000c6e1d110) 
thrown [t:\workspace\open\src\hotspot\share\runtime\reflection.cpp, line 1121]
Event: 37.144 Thread 0x000001bb22c60f10 Exception <a 'java/lang/NoClassDefFoundError'{0x00000000c6e83d10}: sun/reflect/Reflection> (0x00000000c6e83d10) 
thrown [t:\workspace\open\src\hotspot\share\classfile\systemDictionary.cpp, line 245]

VM Operations (20 events):
Event: 81.707 Executing VM operation: HandshakeAllThreads
Event: 81.709 Executing VM operation: HandshakeAllThreads done
Event: 142.192 Executing VM operation: Cleanup
Event: 142.194 Executing VM operation: Cleanup done
Event: 143.202 Executing VM operation: Cleanup
Event: 143.202 Executing VM operation: Cleanup done
Event: 144.205 Executing VM operation: Cleanup
Event: 144.205 Executing VM operation: Cleanup done
Event: 147.228 Executing VM operation: Cleanup
Event: 147.228 Executing VM operation: Cleanup done
Event: 161.315 Executing VM operation: Cleanup
Event: 161.316 Executing VM operation: Cleanup done
Event: 382.076 Executing VM operation: Cleanup
Event: 382.079 Executing VM operation: Cleanup done
Event: 596.607 Executing VM operation: Cleanup
Event: 596.612 Executing VM operation: Cleanup done
Event: 611.736 Executing VM operation: Cleanup
Event: 611.736 Executing VM operation: Cleanup done
Event: 615.784 Executing VM operation: Cleanup
Event: 615.784 Executing VM operation: Cleanup done

Events (20 events):
Event: 81.832 Thread 0x000001bb1f5af380 flushing nmethod 0x000001bb0cba4190
Event: 81.832 Thread 0x000001bb1f5af380 flushing nmethod 0x000001bb0cba4610
Event: 81.832 Thread 0x000001bb1f5af380 flushing nmethod 0x000001bb0cba4a90
Event: 81.832 Thread 0x000001bb1f5af380 flushing nmethod 0x000001bb0cbaa410
Event: 81.832 Thread 0x000001bb1f5af380 flushing nmethod 0x000001bb0cbaa710
Event: 81.832 Thread 0x000001bb1f5af380 flushing nmethod 0x000001bb0cbaab90
Event: 81.832 Thread 0x000001bb1f5af380 flushing nmethod 0x000001bb0cbad390
Event: 81.832 Thread 0x000001bb1f5af380 flushing nmethod 0x000001bb0cbb2690
Event: 81.832 Thread 0x000001bb1f5af380 flushing nmethod 0x000001bb0cbb6f10
Event: 81.832 Thread 0x000001bb1f5af380 flushing nmethod 0x000001bb0cbc4010
Event: 81.832 Thread 0x000001bb1f5af380 flushing nmethod 0x000001bb0cbc6990
Event: 81.832 Thread 0x000001bb1f5af380 flushing nmethod 0x000001bb0cbd3490
Event: 81.832 Thread 0x000001bb1f5af380 flushing nmethod 0x000001bb0cbd6a90
Event: 81.832 Thread 0x000001bb1f5af380 flushing nmethod 0x000001bb0cbe5410
Event: 81.832 Thread 0x000001bb1f5af380 flushing nmethod 0x000001bb0cc1cf90
Event: 81.832 Thread 0x000001bb1f5af380 flushing nmethod 0x000001bb0cc1f090
Event: 81.832 Thread 0x000001bb1f5af380 flushing nmethod 0x000001bb0cc26b90
Event: 81.832 Thread 0x000001bb1f5af380 flushing nmethod 0x000001bb0cc26f90
Event: 81.832 Thread 0x000001bb1f5af380 flushing nmethod 0x000001bb0cc2ac90
Event: 81.832 Thread 0x000001bb1f5af380 flushing nmethod 0x000001bb0cc60210


Dynamic libraries:
0x00007ff7512e0000 - 0x00007ff7512f0000 	C:\Program Files\Java\jdk-17.0.1\bin\java.exe
0x00007ffed51c0000 - 0x00007ffed53c9000 	C:\WINDOWS\SYSTEM32\ntdll.dll
0x00007ffed4ab0000 - 0x00007ffed4b6d000 	C:\WINDOWS\System32\KERNEL32.DLL
0x00007ffed2aa0000 - 0x00007ffed2e19000 	C:\WINDOWS\System32\KERNELBASE.dll
0x00007ffed2f30000 - 0x00007ffed3041000 	C:\WINDOWS\System32\ucrtbase.dll
0x00007ffec9b90000 - 0x00007ffec9ba8000 	C:\Program Files\Java\jdk-17.0.1\bin\jli.dll
0x00007ffed4d30000 - 0x00007ffed4dde000 	C:\WINDOWS\System32\ADVAPI32.dll
0x00007ffed3ee0000 - 0x00007ffed3f83000 	C:\WINDOWS\System32\msvcrt.dll
0x00007ffed4e60000 - 0x00007ffed4efe000 	C:\WINDOWS\System32\sechost.dll
0x00007ffed3dc0000 - 0x00007ffed3ee0000 	C:\WINDOWS\System32\RPCRT4.dll
0x00007ffeca820000 - 0x00007ffeca83a000 	C:\Program Files\Java\jdk-17.0.1\bin\VCRUNTIME140.dll
0x00007ffed3bf0000 - 0x00007ffed3d9c000 	C:\WINDOWS\System32\USER32.dll
0x00007ffed2840000 - 0x00007ffed2866000 	C:\WINDOWS\System32\win32u.dll
0x00007ffed5150000 - 0x00007ffed5179000 	C:\WINDOWS\System32\GDI32.dll
0x00007ffed26a0000 - 0x00007ffed27b2000 	C:\WINDOWS\System32\gdi32full.dll
0x00007ffed2e20000 - 0x00007ffed2ebd000 	C:\WINDOWS\System32\msvcp_win.dll
0x00007ffeadaa0000 - 0x00007ffeadd45000 	C:\WINDOWS\WinSxS\amd64_microsoft.windows.common-controls_6595b64144ccf1df_6.0.22000.120_none_9d947278b86cc467\COMCTL32.dll
0x00007ffec17d0000 - 0x00007ffec17da000 	C:\WINDOWS\SYSTEM32\VERSION.dll
0x00007ffed4b70000 - 0x00007ffed4ba1000 	C:\WINDOWS\System32\IMM32.DLL
0x00007ffec2100000 - 0x00007ffec210c000 	C:\Program Files\Java\jdk-17.0.1\bin\vcruntime140_1.dll
0x00007ffeb7460000 - 0x00007ffeb74ed000 	C:\Program Files\Java\jdk-17.0.1\bin\msvcp140.dll
0x00007ffe884e0000 - 0x00007ffe8909e000 	C:\Program Files\Java\jdk-17.0.1\bin\server\jvm.dll
0x00007ffed3be0000 - 0x00007ffed3be8000 	C:\WINDOWS\System32\PSAPI.DLL
0x00007ffec1e20000 - 0x00007ffec1e29000 	C:\WINDOWS\SYSTEM32\WSOCK32.dll
0x00007ffed50e0000 - 0x00007ffed514f000 	C:\WINDOWS\System32\WS2_32.dll
0x00007ffed0290000 - 0x00007ffed02c3000 	C:\WINDOWS\SYSTEM32\WINMM.dll
0x00007ffed17a0000 - 0x00007ffed17b8000 	C:\WINDOWS\SYSTEM32\kernel.appcore.dll
0x00007ffec1c90000 - 0x00007ffec1c9a000 	C:\Program Files\Java\jdk-17.0.1\bin\jimage.dll
0x00007ffed0060000 - 0x00007ffed0281000 	C:\WINDOWS\SYSTEM32\DBGHELP.DLL
0x00007ffeb8b60000 - 0x00007ffeb8b91000 	C:\WINDOWS\SYSTEM32\dbgcore.DLL
0x00007ffed27c0000 - 0x00007ffed283f000 	C:\WINDOWS\System32\bcryptPrimitives.dll
0x00007ffec1c50000 - 0x00007ffec1c5e000 	C:\Program Files\Java\jdk-17.0.1\bin\instrument.dll
0x00007ffec1c60000 - 0x00007ffec1c85000 	C:\Program Files\Java\jdk-17.0.1\bin\java.dll
0x00007ffe9af00000 - 0x00007ffe9afd6000 	C:\Program Files\Java\jdk-17.0.1\bin\svml.dll
0x00007ffed3050000 - 0x00007ffed3808000 	C:\WINDOWS\System32\SHELL32.dll
0x00007ffed0810000 - 0x00007ffed1078000 	C:\WINDOWS\SYSTEM32\windows.storage.dll
0x00007ffed40e0000 - 0x00007ffed4459000 	C:\WINDOWS\System32\combase.dll
0x00007ffed06a0000 - 0x00007ffed0806000 	C:\WINDOWS\SYSTEM32\wintypes.dll
0x00007ffed49c0000 - 0x00007ffed4aaa000 	C:\WINDOWS\System32\SHCORE.dll
0x00007ffed4960000 - 0x00007ffed49bd000 	C:\WINDOWS\System32\shlwapi.dll
0x00007ffed25d0000 - 0x00007ffed25f1000 	C:\WINDOWS\SYSTEM32\profapi.dll
0x00007ffeb7440000 - 0x00007ffeb7458000 	C:\Program Files\Java\jdk-17.0.1\bin\zip.dll
0x00007ffeb7c00000 - 0x00007ffeb7c19000 	C:\Program Files\Java\jdk-17.0.1\bin\net.dll
0x00007ffecfbc0000 - 0x00007ffecfccc000 	C:\WINDOWS\SYSTEM32\WINHTTP.dll
0x00007ffed1c40000 - 0x00007ffed1ca7000 	C:\WINDOWS\system32\mswsock.dll
0x00007ffeb7be0000 - 0x00007ffeb7bf5000 	C:\Program Files\Java\jdk-17.0.1\bin\nio.dll
0x00007ffeb7420000 - 0x00007ffeb743a000 	C:\Program Files\JetBrains\IntelliJ IDEA Community Edition 2021.2.3\bin\breakgen64.dll
0x00007ffebfc00000 - 0x00007ffebfc10000 	C:\Program Files\Java\jdk-17.0.1\bin\verify.dll
0x00007ffebfb00000 - 0x00007ffebfb09000 	C:\Program Files\Java\jdk-17.0.1\bin\management.dll
0x00007ffebfad0000 - 0x00007ffebfadb000 	C:\Program Files\Java\jdk-17.0.1\bin\management_ext.dll
0x00007ffead320000 - 0x00007ffead337000 	C:\WINDOWS\system32\napinsp.dll
0x00007ffead300000 - 0x00007ffead31b000 	C:\WINDOWS\system32\pnrpnsp.dll
0x00007ffed12f0000 - 0x00007ffed13d8000 	C:\WINDOWS\SYSTEM32\DNSAPI.dll
0x00007ffed12c0000 - 0x00007ffed12ed000 	C:\WINDOWS\SYSTEM32\IPHLPAPI.DLL
0x00007ffed3ff0000 - 0x00007ffed3ff9000 	C:\WINDOWS\System32\NSI.dll
0x00007ffead2e0000 - 0x00007ffead2f2000 	C:\WINDOWS\System32\winrnr.dll
0x00007ffead2c0000 - 0x00007ffead2d5000 	C:\WINDOWS\system32\wshbth.dll
0x00007ffead2a0000 - 0x00007ffead2bf000 	C:\WINDOWS\system32\nlansp_c.dll
0x00007ffec1090000 - 0x00007ffec109a000 	C:\Windows\System32\rasadhlp.dll
0x00007ffec1120000 - 0x00007ffec11a1000 	C:\WINDOWS\System32\fwpuclnt.dll
0x00007ffed1e80000 - 0x00007ffed1e98000 	C:\WINDOWS\SYSTEM32\CRYPTSP.dll
0x00007ffed1700000 - 0x00007ffed1735000 	C:\WINDOWS\system32\rsaenh.dll
0x00007ffed1d30000 - 0x00007ffed1d59000 	C:\WINDOWS\SYSTEM32\USERENV.dll
0x00007ffed2000000 - 0x00007ffed2027000 	C:\WINDOWS\SYSTEM32\bcrypt.dll
0x00007ffed1ea0000 - 0x00007ffed1eac000 	C:\WINDOWS\SYSTEM32\CRYPTBASE.dll
0x00007ffec27d0000 - 0x00007ffec27e9000 	C:\WINDOWS\SYSTEM32\dhcpcsvc6.DLL
0x00007ffec2aa0000 - 0x00007ffec2abe000 	C:\WINDOWS\SYSTEM32\dhcpcsvc.DLL
0x00007ffebfa40000 - 0x00007ffebfa4e000 	C:\Program Files\Java\jdk-17.0.1\bin\sunmscapi.dll
0x00007ffed2870000 - 0x00007ffed29d2000 	C:\WINDOWS\System32\CRYPT32.dll
0x00007ffed1fd0000 - 0x00007ffed1ff8000 	C:\WINDOWS\SYSTEM32\ncrypt.dll
0x00007ffed1f90000 - 0x00007ffed1fc7000 	C:\WINDOWS\SYSTEM32\NTASN1.dll
0x00007ffe4b740000 - 0x00007ffe4b748000 	C:\WINDOWS\system32\wshunix.dll

dbghelp: loaded successfully - version: 4.0.5 - missing functions: none
symbol engine: initialized successfully - sym options: 0x614 - pdb path: .;C:\Program Files\Java\jdk-17.0.1\bin;C:\WINDOWS\SYSTEM32;C:\WINDOWS\WinSxS\amd64_microsoft.windows.common-controls_6595b64144ccf1df_6.0.22000.120_none_9d947278b86cc467;C:\Program Files\Java\jdk-17.0.1\bin\server;C:\Program Files\JetBrains\IntelliJ IDEA Community Edition 2021.2.3\bin

VM Arguments:
jvm_args: -javaagent:C:\Program Files\JetBrains\IntelliJ IDEA Community Edition 2021.2.3\lib\idea_rt.jar=54643:C:\Program Files\JetBrains\IntelliJ IDEA Community Edition 2021.2.3\bin -Dfile.encoding=UTF-8 
java_command: com.camel.camel.CamelProjectApplication
java_class_path (initial): S:\Java spring boot\camel-project\camel-project\target\classes;C:\Users\suraj\.m2\repository\org\apache\camel\springboot\camel-jpa-starter\3.12.0\camel-jpa-starter-3.12.0.jar;C:\Users\suraj\.m2\repository\org\springframework\boot\spring-boot-starter\2.6.9\spring-boot-starter-2.6.9.jar;C:\Users\suraj\.m2\repository\org\springframework\boot\spring-boot\2.6.9\spring-boot-2.6.9.jar;C:\Users\suraj\.m2\repository\org\springframework\spring-context\5.3.21\spring-context-5.3.21.jar;C:\Users\suraj\.m2\repository\org\springframework\boot\spring-boot-autoconfigure\2.6.9\spring-boot-autoconfigure-2.6.9.jar;C:\Users\suraj\.m2\repository\org\springframework\boot\spring-boot-starter-logging\2.6.9\spring-boot-starter-logging-2.6.9.jar;C:\Users\suraj\.m2\repository\ch\qos\logback\logback-classic\1.2.11\logback-classic-1.2.11.jar;C:\Users\suraj\.m2\repository\ch\qos\logback\logback-core\1.2.11\logback-core-1.2.11.jar;C:\Users\suraj\.m2\repository\org\apache\logging\log4j\log4j-to-slf4j\2.17.2\log4j-to-slf4j-2.17.2.jar;C:\Users\suraj\.m2\repository\org\apache\logging\log4j\log4j-api\2.17.2\log4j-api-2.17.2.jar;C:\Users\suraj\.m2\repository\org\slf4j\jul-to-slf4j\1.7.36\jul-to-slf4j-1.7.36.jar;C:\Users\suraj\.m2\repository\jakarta\annotation\jakarta.annotation-api\1.3.5\jakarta.annotation-api-1.3.5.jar;C:\Users\suraj\.m2\repository\org\yaml\snakeyaml\1.29\snakeyaml-1.29.jar;C:\Users\suraj\.m2\repository\org\apache\camel\camel-jpa\3.12.0\camel-jpa-3.12.0.jar;C:\Users\suraj\.m2\repository\org\apache\camel\camel-support\3.12.0\camel-support-3.12.0.jar;C:\Users\suraj\.m2\repository\org\apache\camel\camel-api\3.12.0\camel-api-3.12.0.jar;C:\Users\suraj\.m2\repository\org\apache\camel\camel-management-api\3.12.0\camel-management-api-3.12.0.jar;C:\Users\suraj\.m2\repository\org\apache\camel\camel-util\3.12.0\camel-util-3.12.0.jar;C:\Users\suraj\.m2\repository\org\apache\camel\camel-core-languages\3.12.0\camel-core-languages-3.12.0.jar;C:\Users\suraj\.m2\repository\
Launcher Type: SUN_STANDARD

[Global flags]
     intx CICompilerCount                          = 3                                         {product} {ergonomic}
     uint ConcGCThreads                            = 1                                         {product} {ergonomic}
     uint G1ConcRefinementThreads                  = 4                                         {product} {ergonomic}
   size_t G1HeapRegionSize                         = 1048576                                   {product} {ergonomic}
    uintx GCDrainStackTargetSize                   = 64                                        {product} {ergonomic}
   size_t InitialHeapSize                          = 65011712                                  {product} {ergonomic}
   size_t MarkStackSize                            = 4194304                                   {product} {ergonomic}
   size_t MaxHeapSize                              = 1015021568                                {product} {ergonomic}
   size_t MaxNewSize                               = 608174080                                 {product} {ergonomic}
   size_t MinHeapDeltaBytes                        = 1048576                                   {product} {ergonomic}
   size_t MinHeapSize                              = 8388608                                   {product} {ergonomic}
    uintx NonNMethodCodeHeapSize                   = 5832780                                {pd product} {ergonomic}
    uintx NonProfiledCodeHeapSize                  = 122912730                              {pd product} {ergonomic}
    uintx ProfiledCodeHeapSize                     = 122912730                              {pd product} {ergonomic}
    uintx ReservedCodeCacheSize                    = 251658240                              {pd product} {ergonomic}
     bool SegmentedCodeCache                       = true                                      {product} {ergonomic}
   size_t SoftMaxHeapSize                          = 1015021568                             {manageable} {ergonomic}
     bool UseCompressedClassPointers               = true                           {product lp64_product} {ergonomic}
     bool UseCompressedOops                        = true                           {product lp64_product} {ergonomic}
     bool UseG1GC                                  = true                                      {product} {ergonomic}
     bool UseLargePagesIndividualAllocation        = false                                  {pd product} {ergonomic}

Logging:
Log output configuration:
 #0: stdout all=warning uptime,level,tags
 #1: stderr all=off uptime,level,tags

Environment Variables:
PATH=C:\Program Files\Common Files\Oracle\Java\javapath;C:\Program Files\Python310\Scripts\;C:\Program Files\Python310\;C:\Program Files (x86)\Common Files\Intel\Shared Libraries\redist\intel64\compiler;C:\Program Files (x86)\NVIDIA Corporation\PhysX\Common;C:\WINDOWS\system32;C:\WINDOWS;C:\WINDOWS\System32\Wbem;C:\WINDOWS\System32\WindowsPowerShell\v1.0\;C:\WINDOWS\System32\OpenSSH\;C:\Program Files\dotnet\;C:\Program Files\Git\cmd;C:\Program Files\apache-maven-3.8.5\bin\;C:\Program Files\gradle-7.4.2-bin\gradle-7.4.2\bin;C:\Users\suraj\AppData\Local\Microsoft\WindowsApps;;C:\Users\suraj\AppData\Local\Programs\Microsoft VS Code\bin;C:\Program Files\JetBrains\IntelliJ IDEA Community Edition 2021.2.3\bin;
USERNAME=suraj
OS=Windows_NT
PROCESSOR_IDENTIFIER=Intel64 Family 6 Model 142 Stepping 12, GenuineIntel



---------------  S Y S T E M  ---------------

OS:
 Windows 10 , 64 bit Build 22000 (10.0.22000.708)
OS uptime: 0 days 2:59 hours

CPU: total 4 (initial active 4) (2 cores per cpu, 2 threads per core) family 6 model 142 stepping 12 microcode 0xde, cx8, cmov, fxsr, ht, mmx, 3dnowpref, sse, sse2, sse3, ssse3, sse4.1, sse4.2, popcnt, lzcnt, tsc, tscinvbit, avx, avx2, aes, erms, clmul, bmi1, bmi2, adx, fma, vzeroupper, clflush, clflushopt

Memory: 4k page, system-wide physical 3871M (320M free)
TotalPageFile size 15647M (AvailPageFile size 0M)
current process WorkingSet (physical memory assigned to process): 21M, peak: 208M
current process commit charge ("private bytes"): 243M, peak: 258M

vm_info: Java HotSpot(TM) 64-Bit Server VM (17.0.1+12-LTS-39) for windows-amd64 JRE (17.0.1+12-LTS-39), built on Sep 27 2021 18:41:35 by "mach5one" with MS VC++ 16.8 (VS2019)

END.
